docker push p31amd64/java-alpine-openjdk7-jdk-amd64:1.6.1
docker push p31arm64v8/java-alpine-openjdk7-jdk-arm64v8:1.6.1
docker push p31amd64/java-alpine-openjdk7-jre-amd64:1.6.1
docker push p31arm64v8/java-alpine-openjdk7-jre-arm64v8:1.6.1
docker push p31amd64/java-alpine-openjdk8-jdk-amd64:1.6.1
docker push p31arm64v8/java-alpine-openjdk8-jdk-arm64v8:1.6.1
docker push p31amd64/java-alpine-openjdk8-jre-amd64:1.6.1
docker push p31arm64v8/java-alpine-openjdk8-jre-arm64v8:1.6.1
docker push p31amd64/java-centos-openjdk11-jdk-amd64:1.6.1
docker push p31arm64v8/java-centos-openjdk11-jdk-arm64v8:1.6.1
docker push p31amd64/java-centos-openjdk11-jre-amd64:1.6.1
docker push p31arm64v8/java-centos-openjdk11-jre-arm64v8:1.6.1
docker push p31amd64/java-centos-openjdk7-jdk-amd64:1.6.1
docker push p31arm64v8/java-centos-openjdk7-jdk-arm64v8:1.6.1
docker push p31amd64/java-centos-openjdk7-jre-amd64:1.6.1
docker push p31arm64v8/java-centos-openjdk7-jre-arm64v8:1.6.1
docker push p31amd64/java-centos-openjdk8-jdk-amd64:1.6.1
docker push p31arm64v8/java-centos-openjdk8-jdk-arm64v8:1.6.1
docker push p31amd64/java-centos-openjdk8-jre-amd64:1.6.1
docker push p31arm64v8/java-centos-openjdk8-jre-arm64v8:1.6.1
